<?xml version="1.0" encoding="UTF-8"?>
<!-- Generated by org.testng.reporters.JUnitReportReporter -->
<testsuite hostname="anuragch" name="com.selenium.Ajax_Handle" tests="2" failures="0" timestamp="15 Jun 2016 12:09:26 GMT" time="11.552" errors="0">
  <testcase name="Search_Test" time="5.653" classname="com.selenium.Ajax_Handle"/>
  <testcase name="Search_Test" time="5.899" classname="com.selenium.Ajax_Handle"/>
</testsuite> <!-- com.selenium.Ajax_Handle -->
